<?xml version="1.0" encoding="UTF-8"?>
<testsuite xmlns:xsi="http://www.w3.org/2001/XMLSchema-instance" xsi:noNamespaceSchemaLocation="https://maven.apache.org/surefire/maven-surefire-plugin/xsd/surefire-test-report.xsd" version="3.0.2" name="tests.HousingSortTests" time="24.228" tests="4" errors="0" skipped="0" failures="0">
  <properties>
[...]
</properties>
  <testcase name="sortOptionsAfterSearch" classname="tests.HousingSortTests" time="8.281">
    <system-err><![CDATA[SLF4J(W): No SLF4J providers were found.
SLF4J(W): Defaulting to no-operation (NOP) logger implementation
SLF4J(W): See https://www.slf4j.org/codes.html#noProviders for further details.
]]></system-err>
  </testcase>
  <testcase name="sortPriceLowToHigh" classname="tests.HousingSortTests" time="5.296"/>
  <testcase name="sortPriceHighToLow" classname="tests.HousingSortTests" time="5.656"/>
  <testcase name="defaultSortOptions" classname="tests.HousingSortTests" time="4.921"/>
</testsuite>